"is_built_lib_oUnit" "true"
"built_lib_oUnit" "/home/ryan/tmp/ropc/bap-0.4/ounit-1.1.0/_build/src/oUnit.cma"
"built_lib_oUnit" "/home/ryan/tmp/ropc/bap-0.4/ounit-1.1.0/_build/src/oUnit.cmxa"
"built_lib_oUnit" "/home/ryan/tmp/ropc/bap-0.4/ounit-1.1.0/_build/src/oUnit.a"
"built_lib_oUnit" "/home/ryan/tmp/ropc/bap-0.4/ounit-1.1.0/_build/src/oUnitDiff.cmi"
"built_lib_oUnit" "/home/ryan/tmp/ropc/bap-0.4/ounit-1.1.0/_build/src/oUnit.cmi"
"is_built_exec_test" "true"
"built_exec_test" "/home/ryan/tmp/ropc/bap-0.4/ounit-1.1.0/_build/test/test"
"built_lib_oUnit" "/home/ryan/tmp/ropc/bap-0.4/ounit-1.1.0/_build/src/oUnit.cmxs"
"built_lib_oUnit" "/home/ryan/tmp/ropc/bap-0.4/ounit-1.1.0/_build/src/oUnitDiff.cmti"
"built_lib_oUnit" "/home/ryan/tmp/ropc/bap-0.4/ounit-1.1.0/_build/src/oUnitDiff.cmt"
"built_lib_oUnit" "/home/ryan/tmp/ropc/bap-0.4/ounit-1.1.0/_build/src/oUnitDiff.annot"
"built_lib_oUnit" "/home/ryan/tmp/ropc/bap-0.4/ounit-1.1.0/_build/src/oUnit.cmti"
"built_lib_oUnit" "/home/ryan/tmp/ropc/bap-0.4/ounit-1.1.0/_build/src/oUnit.cmt"
"built_lib_oUnit" "/home/ryan/tmp/ropc/bap-0.4/ounit-1.1.0/_build/src/oUnit.annot"
"built_lib_oUnit" "/home/ryan/tmp/ropc/bap-0.4/ounit-1.1.0/_build/src/oUnitDiff.cmx"
"built_lib_oUnit" "/home/ryan/tmp/ropc/bap-0.4/ounit-1.1.0/_build/src/oUnit.cmx"
"built_exec_test" "/home/ryan/tmp/ropc/bap-0.4/ounit-1.1.0/_build/test/test.byte"
"is_built_doc_api-ounit" "true"
"built_doc_api-ounit" "/home/ryan/tmp/ropc/bap-0.4/ounit-1.1.0/_build/src/api-ounit.docdir/index_module_types.html"
"built_doc_api-ounit" "/home/ryan/tmp/ropc/bap-0.4/ounit-1.1.0/_build/src/api-ounit.docdir/index_extensions.html"
"built_doc_api-ounit" "/home/ryan/tmp/ropc/bap-0.4/ounit-1.1.0/_build/src/api-ounit.docdir/type_OUnitDiff.html"
"built_doc_api-ounit" "/home/ryan/tmp/ropc/bap-0.4/ounit-1.1.0/_build/src/api-ounit.docdir/OUnitDiff.DIFF_ELEMENT.html"
"built_doc_api-ounit" "/home/ryan/tmp/ropc/bap-0.4/ounit-1.1.0/_build/src/api-ounit.docdir/index_modules.html"
"built_doc_api-ounit" "/home/ryan/tmp/ropc/bap-0.4/ounit-1.1.0/_build/src/api-ounit.docdir/type_OUnitDiff.ListSimpleMake.html"
"built_doc_api-ounit" "/home/ryan/tmp/ropc/bap-0.4/ounit-1.1.0/_build/src/api-ounit.docdir/type_OUnitDiff.SetMake.html"
"built_doc_api-ounit" "/home/ryan/tmp/ropc/bap-0.4/ounit-1.1.0/_build/src/api-ounit.docdir/index_class_types.html"
"built_doc_api-ounit" "/home/ryan/tmp/ropc/bap-0.4/ounit-1.1.0/_build/src/api-ounit.docdir/OUnitDiff.S.html"
"built_doc_api-ounit" "/home/ryan/tmp/ropc/bap-0.4/ounit-1.1.0/_build/src/api-ounit.docdir/index_methods.html"
"built_doc_api-ounit" "/home/ryan/tmp/ropc/bap-0.4/ounit-1.1.0/_build/src/api-ounit.docdir/type_OUnitDiff.S.html"
"built_doc_api-ounit" "/home/ryan/tmp/ropc/bap-0.4/ounit-1.1.0/_build/src/api-ounit.docdir/OUnitDiff.html"
"built_doc_api-ounit" "/home/ryan/tmp/ropc/bap-0.4/ounit-1.1.0/_build/src/api-ounit.docdir/OUnitDiff.ListSimpleMake.html"
"built_doc_api-ounit" "/home/ryan/tmp/ropc/bap-0.4/ounit-1.1.0/_build/src/api-ounit.docdir/type_OUnitDiff.DIFF_ELEMENT.html"
"built_doc_api-ounit" "/home/ryan/tmp/ropc/bap-0.4/ounit-1.1.0/_build/src/api-ounit.docdir/index_attributes.html"
"built_doc_api-ounit" "/home/ryan/tmp/ropc/bap-0.4/ounit-1.1.0/_build/src/api-ounit.docdir/index_classes.html"
"built_doc_api-ounit" "/home/ryan/tmp/ropc/bap-0.4/ounit-1.1.0/_build/src/api-ounit.docdir/OUnit.html"
"built_doc_api-ounit" "/home/ryan/tmp/ropc/bap-0.4/ounit-1.1.0/_build/src/api-ounit.docdir/type_OUnit.html"
"built_doc_api-ounit" "/home/ryan/tmp/ropc/bap-0.4/ounit-1.1.0/_build/src/api-ounit.docdir/index.html"
"built_doc_api-ounit" "/home/ryan/tmp/ropc/bap-0.4/ounit-1.1.0/_build/src/api-ounit.docdir/OUnitDiff.SetMake.html"
"built_doc_api-ounit" "/home/ryan/tmp/ropc/bap-0.4/ounit-1.1.0/_build/src/api-ounit.docdir/index_exceptions.html"
"built_doc_api-ounit" "/home/ryan/tmp/ropc/bap-0.4/ounit-1.1.0/_build/src/api-ounit.docdir/index_types.html"
"built_doc_api-ounit" "/home/ryan/tmp/ropc/bap-0.4/ounit-1.1.0/_build/src/api-ounit.docdir/index_values.html"
"built_doc_api-ounit" "/home/ryan/tmp/ropc/bap-0.4/ounit-1.1.0/_build/src/api-ounit.docdir/style.css"
