This file contains any messages produced by compilers while
running configure, to aid debugging if configure makes a mistake.

It was created by Bap configure 0.1, which was
generated by GNU Autoconf 2.69.  Invocation command line was

  $ ./configure 

## --------- ##
## Platform. ##
## --------- ##

hostname = lab01
uname -m = i686
uname -r = 4.4.0-104-generic
uname -s = Linux
uname -v = #127-Ubuntu SMP Mon Dec 11 12:16:50 UTC 2017

/usr/bin/uname -p = unknown
/bin/uname -X     = unknown

/bin/arch              = unknown
/usr/bin/arch -k       = unknown
/usr/convex/getsysinfo = unknown
/usr/bin/hostinfo      = unknown
/bin/machine           = unknown
/usr/bin/oslevel       = unknown
/bin/universe          = unknown

PATH: /home/ryan/bin
PATH: /home/ryan/.local/bin
PATH: /usr/local/sbin
PATH: /usr/local/bin
PATH: /usr/sbin
PATH: /usr/bin
PATH: /sbin
PATH: /bin
PATH: /usr/games
PATH: /usr/local/games
PATH: /snap/bin


## ----------- ##
## Core tests. ##
## ----------- ##

configure:2512: checking for a BSD-compatible install
configure:2580: result: /usr/bin/install -c
configure:2591: checking whether build environment is sane
configure:2646: result: yes
configure:2684: WARNING: 'missing' script is too old or missing
configure:2797: checking for a thread-safe mkdir -p
configure:2836: result: /bin/mkdir -p
configure:2843: checking for gawk
configure:2859: found /usr/bin/gawk
configure:2870: result: gawk
configure:2881: checking whether make sets $(MAKE)
configure:2903: result: yes
configure:2932: checking whether make supports nested variables
configure:2949: result: yes
configure:3271: checking for g++
configure:3287: found /usr/bin/g++
configure:3298: result: g++
configure:3325: checking for C++ compiler version
configure:3334: g++ --version >&5
g++ (Ubuntu 5.4.0-6ubuntu1~16.04.5) 5.4.0 20160609
Copyright (C) 2015 Free Software Foundation, Inc.
This is free software; see the source for copying conditions.  There is NO
warranty; not even for MERCHANTABILITY or FITNESS FOR A PARTICULAR PURPOSE.

configure:3345: $? = 0
configure:3334: g++ -v >&5
Using built-in specs.
COLLECT_GCC=g++
COLLECT_LTO_WRAPPER=/usr/lib/gcc/i686-linux-gnu/5/lto-wrapper
Target: i686-linux-gnu
Configured with: ../src/configure -v --with-pkgversion='Ubuntu 5.4.0-6ubuntu1~16.04.5' --with-bugurl=file:///usr/share/doc/gcc-5/README.Bugs --enable-languages=c,ada,c++,java,go,d,fortran,objc,obj-c++ --prefix=/usr --program-suffix=-5 --enable-shared --enable-linker-build-id --libexecdir=/usr/lib --without-included-gettext --enable-threads=posix --libdir=/usr/lib --enable-nls --with-sysroot=/ --enable-clocale=gnu --enable-libstdcxx-debug --enable-libstdcxx-time=yes --with-default-libstdcxx-abi=new --enable-gnu-unique-object --disable-vtable-verify --enable-libmpx --enable-plugin --with-system-zlib --disable-browser-plugin --enable-java-awt=gtk --enable-gtk-cairo --with-java-home=/usr/lib/jvm/java-1.5.0-gcj-5-i386/jre --enable-java-home --with-jvm-root-dir=/usr/lib/jvm/java-1.5.0-gcj-5-i386 --with-jvm-jar-dir=/usr/lib/jvm-exports/java-1.5.0-gcj-5-i386 --with-arch-directory=i386 --with-ecj-jar=/usr/share/java/eclipse-ecj.jar --enable-objc-gc --enable-targets=all --enable-multiarch --disable-werror --with-arch-32=i686 --with-multilib-list=m32,m64,mx32 --enable-multilib --with-tune=generic --enable-checking=release --build=i686-linux-gnu --host=i686-linux-gnu --target=i686-linux-gnu
Thread model: posix
gcc version 5.4.0 20160609 (Ubuntu 5.4.0-6ubuntu1~16.04.5) 
configure:3345: $? = 0
configure:3334: g++ -V >&5
g++: error: unrecognized command line option '-V'
g++: fatal error: no input files
compilation terminated.
configure:3345: $? = 1
configure:3334: g++ -qversion >&5
g++: error: unrecognized command line option '-qversion'
g++: fatal error: no input files
compilation terminated.
configure:3345: $? = 1
configure:3365: checking whether the C++ compiler works
configure:3387: g++    conftest.cpp  >&5
configure:3391: $? = 0
configure:3439: result: yes
configure:3442: checking for C++ compiler default output file name
configure:3444: result: a.out
configure:3450: checking for suffix of executables
configure:3457: g++ -o conftest    conftest.cpp  >&5
configure:3461: $? = 0
configure:3483: result: 
configure:3505: checking whether we are cross compiling
configure:3513: g++ -o conftest    conftest.cpp  >&5
configure:3517: $? = 0
configure:3524: ./conftest
configure:3528: $? = 0
configure:3543: result: no
configure:3548: checking for suffix of object files
configure:3570: g++ -c   conftest.cpp >&5
configure:3574: $? = 0
configure:3595: result: o
configure:3599: checking whether we are using the GNU C++ compiler
configure:3618: g++ -c   conftest.cpp >&5
configure:3618: $? = 0
configure:3627: result: yes
configure:3636: checking whether g++ accepts -g
configure:3656: g++ -c -g  conftest.cpp >&5
configure:3656: $? = 0
configure:3697: result: yes
configure:3731: checking for style of include used by make
configure:3759: result: GNU
configure:3785: checking dependency style of g++
configure:3896: result: gcc3
configure:3959: checking for gcc
configure:3975: found /usr/bin/gcc
configure:3986: result: gcc
configure:4215: checking for C compiler version
configure:4224: gcc --version >&5
gcc (Ubuntu 5.4.0-6ubuntu1~16.04.5) 5.4.0 20160609
Copyright (C) 2015 Free Software Foundation, Inc.
This is free software; see the source for copying conditions.  There is NO
warranty; not even for MERCHANTABILITY or FITNESS FOR A PARTICULAR PURPOSE.

configure:4235: $? = 0
configure:4224: gcc -v >&5
Using built-in specs.
COLLECT_GCC=gcc
COLLECT_LTO_WRAPPER=/usr/lib/gcc/i686-linux-gnu/5/lto-wrapper
Target: i686-linux-gnu
Configured with: ../src/configure -v --with-pkgversion='Ubuntu 5.4.0-6ubuntu1~16.04.5' --with-bugurl=file:///usr/share/doc/gcc-5/README.Bugs --enable-languages=c,ada,c++,java,go,d,fortran,objc,obj-c++ --prefix=/usr --program-suffix=-5 --enable-shared --enable-linker-build-id --libexecdir=/usr/lib --without-included-gettext --enable-threads=posix --libdir=/usr/lib --enable-nls --with-sysroot=/ --enable-clocale=gnu --enable-libstdcxx-debug --enable-libstdcxx-time=yes --with-default-libstdcxx-abi=new --enable-gnu-unique-object --disable-vtable-verify --enable-libmpx --enable-plugin --with-system-zlib --disable-browser-plugin --enable-java-awt=gtk --enable-gtk-cairo --with-java-home=/usr/lib/jvm/java-1.5.0-gcj-5-i386/jre --enable-java-home --with-jvm-root-dir=/usr/lib/jvm/java-1.5.0-gcj-5-i386 --with-jvm-jar-dir=/usr/lib/jvm-exports/java-1.5.0-gcj-5-i386 --with-arch-directory=i386 --with-ecj-jar=/usr/share/java/eclipse-ecj.jar --enable-objc-gc --enable-targets=all --enable-multiarch --disable-werror --with-arch-32=i686 --with-multilib-list=m32,m64,mx32 --enable-multilib --with-tune=generic --enable-checking=release --build=i686-linux-gnu --host=i686-linux-gnu --target=i686-linux-gnu
Thread model: posix
gcc version 5.4.0 20160609 (Ubuntu 5.4.0-6ubuntu1~16.04.5) 
configure:4235: $? = 0
configure:4224: gcc -V >&5
gcc: error: unrecognized command line option '-V'
gcc: fatal error: no input files
compilation terminated.
configure:4235: $? = 1
configure:4224: gcc -qversion >&5
gcc: error: unrecognized command line option '-qversion'
gcc: fatal error: no input files
compilation terminated.
configure:4235: $? = 1
configure:4239: checking whether we are using the GNU C compiler
configure:4258: gcc -c   conftest.c >&5
configure:4258: $? = 0
configure:4267: result: yes
configure:4276: checking whether gcc accepts -g
configure:4296: gcc -c -g  conftest.c >&5
configure:4296: $? = 0
configure:4337: result: yes
configure:4354: checking for gcc option to accept ISO C89
configure:4417: gcc  -c -g -O2  conftest.c >&5
configure:4417: $? = 0
configure:4430: result: none needed
configure:4455: checking whether gcc understands -c and -o together
configure:4477: gcc -c conftest.c -o conftest2.o
configure:4480: $? = 0
configure:4477: gcc -c conftest.c -o conftest2.o
configure:4480: $? = 0
configure:4492: result: yes
configure:4511: checking dependency style of gcc
configure:4622: result: gcc3
configure:4637: checking whether make sets $(MAKE)
configure:4659: result: yes
configure:4711: checking for ranlib
configure:4727: found /usr/bin/ranlib
configure:4738: result: ranlib
configure:4780: checking for ocamlc
configure:4798: found /usr/bin/ocamlc
configure:4810: result: /usr/bin/ocamlc
configure:4824: checking for OCaml version
configure:4827: result: 4.02.3
configure:4865: checking for OCaml library path
configure:4868: result: /usr/lib/ocaml
configure:4876: checking for ocamlc.opt
configure:4894: found /usr/bin/ocamlc.opt
configure:4906: result: /usr/bin/ocamlc.opt
configure:4922: checking for ocamlc.opt version
configure:4925: result: 4.02.3
configure:4946: checking for ocamlopt
configure:4964: found /usr/bin/ocamlopt
configure:4976: result: /usr/bin/ocamlopt
configure:4992: checking for ocamlopt version
configure:4995: result: 4.02.3
configure:5010: checking if OCaml C compiler works
configure:5013: result: yes
configure:5031: checking for ocamlopt.opt
configure:5049: found /usr/bin/ocamlopt.opt
configure:5061: result: /usr/bin/ocamlopt.opt
configure:5077: checking for ocamlopt.opt version
configure:5080: result: 4.02.3
configure:5101: checking for ocamldep
configure:5119: found /usr/bin/ocamldep
configure:5131: result: /usr/bin/ocamldep
configure:5150: checking for ocamldep.opt
configure:5168: found /usr/bin/ocamldep.opt
configure:5180: result: /usr/bin/ocamldep.opt
configure:5202: checking for ocamlmktop
configure:5220: found /usr/bin/ocamlmktop
configure:5232: result: /usr/bin/ocamlmktop
configure:5250: checking for ocamlmklib
configure:5268: found /usr/bin/ocamlmklib
configure:5280: result: /usr/bin/ocamlmklib
configure:5298: checking for ocamldoc
configure:5316: found /usr/bin/ocamldoc
configure:5328: result: /usr/bin/ocamldoc
configure:5347: checking for ocamldoc.opt
configure:5365: found /usr/bin/ocamldoc.opt
configure:5377: result: /usr/bin/ocamldoc.opt
configure:5399: checking for ocamllex
configure:5417: found /usr/bin/ocamllex
configure:5429: result: /usr/bin/ocamllex
configure:5448: checking for ocamllex.opt
configure:5466: found /usr/bin/ocamllex.opt
configure:5478: result: /usr/bin/ocamllex.opt
configure:5500: checking for ocamlyacc
configure:5518: found /usr/bin/ocamlyacc
configure:5530: result: /usr/bin/ocamlyacc
configure:5550: checking for ocamlfind
configure:5568: found /usr/bin/ocamlfind
configure:5580: result: /usr/bin/ocamlfind
configure:5598: checking for camlidl
configure:5616: found /usr/bin/camlidl
configure:5628: result: /usr/bin/camlidl
configure:5705: checking for bfd_init in -lbfd
configure:5730: gcc -o conftest -g -O2   conftest.c -lbfd   >&5
configure:5730: $? = 0
configure:5739: result: yes
configure:5750: checking for xmalloc in -liberty
configure:5775: gcc -o conftest -g -O2   conftest.c -liberty  -lbfd  >&5
/usr/bin/ld: cannot find -liberty
collect2: error: ld returned 1 exit status
configure:5775: $? = 1
configure: failed program was:
| /* confdefs.h */
| #define PACKAGE_NAME "Bap"
| #define PACKAGE_TARNAME "bap"
| #define PACKAGE_VERSION "0.1"
| #define PACKAGE_STRING "Bap 0.1"
| #define PACKAGE_BUGREPORT "dbrumley@cmu.edu"
| #define PACKAGE_URL ""
| #define PACKAGE "bap"
| #define VERSION "0.1"
| #define HAVE_LIBBFD 1
| /* end confdefs.h.  */
| 
| /* Override any GCC internal prototype to avoid an error.
|    Use char because int might match the return type of a GCC
|    builtin and then its argument prototype would still apply.  */
| #ifdef __cplusplus
| extern "C"
| #endif
| char xmalloc ();
| int
| main ()
| {
| return xmalloc ();
|   ;
|   return 0;
| }
configure:5784: result: no
configure:5795: checking for LibVEX_Version in -lvex
configure:5820: gcc -o conftest -g -O2   conftest.c -lvex  -lbfd  >&5
/usr/bin/ld: cannot find -lvex
collect2: error: ld returned 1 exit status
configure:5820: $? = 1
configure: failed program was:
| /* confdefs.h */
| #define PACKAGE_NAME "Bap"
| #define PACKAGE_TARNAME "bap"
| #define PACKAGE_VERSION "0.1"
| #define PACKAGE_STRING "Bap 0.1"
| #define PACKAGE_BUGREPORT "dbrumley@cmu.edu"
| #define PACKAGE_URL ""
| #define PACKAGE "bap"
| #define VERSION "0.1"
| #define HAVE_LIBBFD 1
| /* end confdefs.h.  */
| 
| /* Override any GCC internal prototype to avoid an error.
|    Use char because int might match the return type of a GCC
|    builtin and then its argument prototype would still apply.  */
| #ifdef __cplusplus
| extern "C"
| #endif
| char LibVEX_Version ();
| int
| main ()
| {
| return LibVEX_Version ();
|   ;
|   return 0;
| }
configure:5829: result: no
configure:5861: checking how to run the C preprocessor
configure:5892: gcc -E  conftest.c
configure:5892: $? = 0
configure:5906: gcc -E  conftest.c
conftest.c:12:28: fatal error: ac_nonexistent.h: No such file or directory
compilation terminated.
configure:5906: $? = 1
configure: failed program was:
| /* confdefs.h */
| #define PACKAGE_NAME "Bap"
| #define PACKAGE_TARNAME "bap"
| #define PACKAGE_VERSION "0.1"
| #define PACKAGE_STRING "Bap 0.1"
| #define PACKAGE_BUGREPORT "dbrumley@cmu.edu"
| #define PACKAGE_URL ""
| #define PACKAGE "bap"
| #define VERSION "0.1"
| #define HAVE_LIBBFD 1
| /* end confdefs.h.  */
| #include <ac_nonexistent.h>
configure:5931: result: gcc -E
configure:5951: gcc -E  conftest.c
configure:5951: $? = 0
configure:5965: gcc -E  conftest.c
conftest.c:12:28: fatal error: ac_nonexistent.h: No such file or directory
compilation terminated.
configure:5965: $? = 1
configure: failed program was:
| /* confdefs.h */
| #define PACKAGE_NAME "Bap"
| #define PACKAGE_TARNAME "bap"
| #define PACKAGE_VERSION "0.1"
| #define PACKAGE_STRING "Bap 0.1"
| #define PACKAGE_BUGREPORT "dbrumley@cmu.edu"
| #define PACKAGE_URL ""
| #define PACKAGE "bap"
| #define VERSION "0.1"
| #define HAVE_LIBBFD 1
| /* end confdefs.h.  */
| #include <ac_nonexistent.h>
configure:5994: checking for grep that handles long lines and -e
configure:6052: result: /bin/grep
configure:6057: checking for egrep
configure:6119: result: /bin/grep -E
configure:6124: checking for ANSI C header files
configure:6144: gcc -c -g -O2  conftest.c >&5
configure:6144: $? = 0
configure:6217: gcc -o conftest -g -O2   conftest.c -lbfd  >&5
configure:6217: $? = 0
configure:6217: ./conftest
configure:6217: $? = 0
configure:6228: result: yes
configure:6241: checking for sys/types.h
configure:6241: gcc -c -g -O2  conftest.c >&5
configure:6241: $? = 0
configure:6241: result: yes
configure:6241: checking for sys/stat.h
configure:6241: gcc -c -g -O2  conftest.c >&5
configure:6241: $? = 0
configure:6241: result: yes
configure:6241: checking for stdlib.h
configure:6241: gcc -c -g -O2  conftest.c >&5
configure:6241: $? = 0
configure:6241: result: yes
configure:6241: checking for string.h
configure:6241: gcc -c -g -O2  conftest.c >&5
configure:6241: $? = 0
configure:6241: result: yes
configure:6241: checking for memory.h
configure:6241: gcc -c -g -O2  conftest.c >&5
configure:6241: $? = 0
configure:6241: result: yes
configure:6241: checking for strings.h
configure:6241: gcc -c -g -O2  conftest.c >&5
configure:6241: $? = 0
configure:6241: result: yes
configure:6241: checking for inttypes.h
configure:6241: gcc -c -g -O2  conftest.c >&5
configure:6241: $? = 0
configure:6241: result: yes
configure:6241: checking for stdint.h
configure:6241: gcc -c -g -O2  conftest.c >&5
configure:6241: $? = 0
configure:6241: result: yes
configure:6241: checking for unistd.h
configure:6241: gcc -c -g -O2  conftest.c >&5
configure:6241: $? = 0
configure:6241: result: yes
configure:6256: checking fcntl.h usability
configure:6256: gcc -c -g -O2  conftest.c >&5
configure:6256: $? = 0
configure:6256: result: yes
configure:6256: checking fcntl.h presence
configure:6256: gcc -E  conftest.c
configure:6256: $? = 0
configure:6256: result: yes
configure:6256: checking for fcntl.h
configure:6256: result: yes
configure:6256: checking for stdint.h
configure:6256: result: yes
configure:6256: checking for stdlib.h
configure:6256: result: yes
configure:6256: checking for string.h
configure:6256: result: yes
configure:6256: checking for unistd.h
configure:6256: result: yes
configure:6266: checking /usr/include/bfd.h usability
configure:6266: gcc -c -g -O2  conftest.c >&5
configure:6266: $? = 0
configure:6266: result: yes
configure:6266: checking /usr/include/bfd.h presence
configure:6266: gcc -E  conftest.c
configure:6266: $? = 0
configure:6266: result: yes
configure:6266: checking for /usr/include/bfd.h
configure:6266: result: yes
configure:6277: checking for stdbool.h that conforms to C99
configure:6344: gcc -c -g -O2  conftest.c >&5
configure:6344: $? = 0
configure:6351: result: yes
configure:6353: checking for _Bool
configure:6353: gcc -c -g -O2  conftest.c >&5
configure:6353: $? = 0
configure:6353: gcc -c -g -O2  conftest.c >&5
conftest.c: In function 'main':
conftest.c:63:20: error: expected expression before ')' token
 if (sizeof ((_Bool)))
                    ^
configure:6353: $? = 1
configure: failed program was:
| /* confdefs.h */
| #define PACKAGE_NAME "Bap"
| #define PACKAGE_TARNAME "bap"
| #define PACKAGE_VERSION "0.1"
| #define PACKAGE_STRING "Bap 0.1"
| #define PACKAGE_BUGREPORT "dbrumley@cmu.edu"
| #define PACKAGE_URL ""
| #define PACKAGE "bap"
| #define VERSION "0.1"
| #define HAVE_LIBBFD 1
| #define STDC_HEADERS 1
| #define HAVE_SYS_TYPES_H 1
| #define HAVE_SYS_STAT_H 1
| #define HAVE_STDLIB_H 1
| #define HAVE_STRING_H 1
| #define HAVE_MEMORY_H 1
| #define HAVE_STRINGS_H 1
| #define HAVE_INTTYPES_H 1
| #define HAVE_STDINT_H 1
| #define HAVE_UNISTD_H 1
| #define HAVE_FCNTL_H 1
| #define HAVE_STDINT_H 1
| #define HAVE_STDLIB_H 1
| #define HAVE_STRING_H 1
| #define HAVE_UNISTD_H 1
| /* end confdefs.h.  */
| #include <stdio.h>
| #ifdef HAVE_SYS_TYPES_H
| # include <sys/types.h>
| #endif
| #ifdef HAVE_SYS_STAT_H
| # include <sys/stat.h>
| #endif
| #ifdef STDC_HEADERS
| # include <stdlib.h>
| # include <stddef.h>
| #else
| # ifdef HAVE_STDLIB_H
| #  include <stdlib.h>
| # endif
| #endif
| #ifdef HAVE_STRING_H
| # if !defined STDC_HEADERS && defined HAVE_MEMORY_H
| #  include <memory.h>
| # endif
| # include <string.h>
| #endif
| #ifdef HAVE_STRINGS_H
| # include <strings.h>
| #endif
| #ifdef HAVE_INTTYPES_H
| # include <inttypes.h>
| #endif
| #ifdef HAVE_STDINT_H
| # include <stdint.h>
| #endif
| #ifdef HAVE_UNISTD_H
| # include <unistd.h>
| #endif
| int
| main ()
| {
| if (sizeof ((_Bool)))
| 	    return 0;
|   ;
|   return 0;
| }
configure:6353: result: yes
configure:6370: checking for an ANSI C-conforming const
configure:6436: gcc -c -g -O2  conftest.c >&5
configure:6436: $? = 0
configure:6443: result: yes
configure:6451: checking for size_t
configure:6451: gcc -c -g -O2  conftest.c >&5
configure:6451: $? = 0
configure:6451: gcc -c -g -O2  conftest.c >&5
conftest.c: In function 'main':
conftest.c:65:21: error: expected expression before ')' token
 if (sizeof ((size_t)))
                     ^
configure:6451: $? = 1
configure: failed program was:
| /* confdefs.h */
| #define PACKAGE_NAME "Bap"
| #define PACKAGE_TARNAME "bap"
| #define PACKAGE_VERSION "0.1"
| #define PACKAGE_STRING "Bap 0.1"
| #define PACKAGE_BUGREPORT "dbrumley@cmu.edu"
| #define PACKAGE_URL ""
| #define PACKAGE "bap"
| #define VERSION "0.1"
| #define HAVE_LIBBFD 1
| #define STDC_HEADERS 1
| #define HAVE_SYS_TYPES_H 1
| #define HAVE_SYS_STAT_H 1
| #define HAVE_STDLIB_H 1
| #define HAVE_STRING_H 1
| #define HAVE_MEMORY_H 1
| #define HAVE_STRINGS_H 1
| #define HAVE_INTTYPES_H 1
| #define HAVE_STDINT_H 1
| #define HAVE_UNISTD_H 1
| #define HAVE_FCNTL_H 1
| #define HAVE_STDINT_H 1
| #define HAVE_STDLIB_H 1
| #define HAVE_STRING_H 1
| #define HAVE_UNISTD_H 1
| #define HAVE__BOOL 1
| #define HAVE_STDBOOL_H 1
| /* end confdefs.h.  */
| #include <stdio.h>
| #ifdef HAVE_SYS_TYPES_H
| # include <sys/types.h>
| #endif
| #ifdef HAVE_SYS_STAT_H
| # include <sys/stat.h>
| #endif
| #ifdef STDC_HEADERS
| # include <stdlib.h>
| # include <stddef.h>
| #else
| # ifdef HAVE_STDLIB_H
| #  include <stdlib.h>
| # endif
| #endif
| #ifdef HAVE_STRING_H
| # if !defined STDC_HEADERS && defined HAVE_MEMORY_H
| #  include <memory.h>
| # endif
| # include <string.h>
| #endif
| #ifdef HAVE_STRINGS_H
| # include <strings.h>
| #endif
| #ifdef HAVE_INTTYPES_H
| # include <inttypes.h>
| #endif
| #ifdef HAVE_STDINT_H
| # include <stdint.h>
| #endif
| #ifdef HAVE_UNISTD_H
| # include <unistd.h>
| #endif
| int
| main ()
| {
| if (sizeof ((size_t)))
| 	    return 0;
|   ;
|   return 0;
| }
configure:6451: result: yes
configure:6472: checking size of bfd_vma
configure:6477: gcc -o conftest -g -O2   conftest.c -lbfd  >&5
configure:6477: $? = 0
configure:6477: ./conftest
configure:6477: $? = 0
configure:6492: result: 8
configure:6506: checking for stdlib.h
configure:6506: result: yes
configure:6516: checking for GNU libc compatible malloc
configure:6540: gcc -o conftest -g -O2   conftest.c -lbfd  >&5
configure:6540: $? = 0
configure:6540: ./conftest
configure:6540: $? = 0
configure:6550: result: yes
configure:6571: checking for working memcmp
configure:6614: gcc -o conftest -g -O2   conftest.c -lbfd  >&5
configure:6614: $? = 0
configure:6614: ./conftest
configure:6614: $? = 0
configure:6624: result: yes
configure:6636: checking for bzero
configure:6636: gcc -o conftest -g -O2   conftest.c -lbfd  >&5
conftest.c:56:6: warning: conflicting types for built-in function 'bzero'
 char bzero ();
      ^
configure:6636: $? = 0
configure:6636: result: yes
configure:6636: checking for memset
configure:6636: gcc -o conftest -g -O2   conftest.c -lbfd  >&5
conftest.c:57:6: warning: conflicting types for built-in function 'memset'
 char memset ();
      ^
configure:6636: $? = 0
configure:6636: result: yes
configure:6636: checking for strstr
configure:6636: gcc -o conftest -g -O2   conftest.c -lbfd  >&5
conftest.c:58:6: warning: conflicting types for built-in function 'strstr'
 char strstr ();
      ^
configure:6636: $? = 0
configure:6636: result: yes
configure:6636: checking for strtoul
configure:6636: gcc -o conftest -g -O2   conftest.c -lbfd  >&5
configure:6636: $? = 0
configure:6636: result: yes
configure:6771: checking that generated files are newer than configure
configure:6777: result: done
configure:6808: creating ./config.status

## ---------------------- ##
## Running config.status. ##
## ---------------------- ##

This file was extended by Bap config.status 0.1, which was
generated by GNU Autoconf 2.69.  Invocation command line was

  CONFIG_FILES    = 
  CONFIG_HEADERS  = 
  CONFIG_LINKS    = 
  CONFIG_COMMANDS = 
  $ ./config.status 

on lab01

config.status:898: creating Makefile
config.status:898: creating libasmir/Makefile
config.status:898: creating libasmir/apps/Makefile
config.status:898: creating libasmir/src/Makefile
config.status:898: creating libasmir/config.h
config.status:1079: libasmir/config.h is unchanged
config.status:1127: executing depfiles commands

## ---------------- ##
## Cache variables. ##
## ---------------- ##

ac_cv_c_compiler_gnu=yes
ac_cv_c_const=yes
ac_cv_cxx_compiler_gnu=yes
ac_cv_env_CCC_set=
ac_cv_env_CCC_value=
ac_cv_env_CC_set=
ac_cv_env_CC_value=
ac_cv_env_CFLAGS_set=
ac_cv_env_CFLAGS_value=
ac_cv_env_CPPFLAGS_set=
ac_cv_env_CPPFLAGS_value=
ac_cv_env_CPP_set=
ac_cv_env_CPP_value=
ac_cv_env_CXXFLAGS_set=
ac_cv_env_CXXFLAGS_value=
ac_cv_env_CXX_set=
ac_cv_env_CXX_value=
ac_cv_env_LDFLAGS_set=
ac_cv_env_LDFLAGS_value=
ac_cv_env_LIBS_set=
ac_cv_env_LIBS_value=
ac_cv_env_build_alias_set=
ac_cv_env_build_alias_value=
ac_cv_env_host_alias_set=
ac_cv_env_host_alias_value=
ac_cv_env_target_alias_set=
ac_cv_env_target_alias_value=
ac_cv_func_bzero=yes
ac_cv_func_malloc_0_nonnull=yes
ac_cv_func_memcmp_working=yes
ac_cv_func_memset=yes
ac_cv_func_strstr=yes
ac_cv_func_strtoul=yes
ac_cv_header__usr_include_bfd_h=yes
ac_cv_header_fcntl_h=yes
ac_cv_header_inttypes_h=yes
ac_cv_header_memory_h=yes
ac_cv_header_stdbool_h=yes
ac_cv_header_stdc=yes
ac_cv_header_stdint_h=yes
ac_cv_header_stdlib_h=yes
ac_cv_header_string_h=yes
ac_cv_header_strings_h=yes
ac_cv_header_sys_stat_h=yes
ac_cv_header_sys_types_h=yes
ac_cv_header_unistd_h=yes
ac_cv_lib_bfd_bfd_init=yes
ac_cv_lib_iberty_xmalloc=no
ac_cv_lib_vex_LibVEX_Version=no
ac_cv_objext=o
ac_cv_path_CAMLIDL=/usr/bin/camlidl
ac_cv_path_EGREP='/bin/grep -E'
ac_cv_path_GREP=/bin/grep
ac_cv_path_OCAMLC=/usr/bin/ocamlc
ac_cv_path_OCAMLC_OPT=/usr/bin/ocamlc.opt
ac_cv_path_OCAMLDEP=/usr/bin/ocamldep
ac_cv_path_OCAMLDEP_OPT=/usr/bin/ocamldep.opt
ac_cv_path_OCAMLDOC=/usr/bin/ocamldoc
ac_cv_path_OCAMLDOC_OPT=/usr/bin/ocamldoc.opt
ac_cv_path_OCAMLFIND=/usr/bin/ocamlfind
ac_cv_path_OCAMLLEX=/usr/bin/ocamllex
ac_cv_path_OCAMLLEX_OPT=/usr/bin/ocamllex.opt
ac_cv_path_OCAMLMKLIB=/usr/bin/ocamlmklib
ac_cv_path_OCAMLMKTOP=/usr/bin/ocamlmktop
ac_cv_path_OCAMLOPT=/usr/bin/ocamlopt
ac_cv_path_OCAMLOPT_OPT=/usr/bin/ocamlopt.opt
ac_cv_path_OCAMLYACC=/usr/bin/ocamlyacc
ac_cv_path_install='/usr/bin/install -c'
ac_cv_path_mkdir=/bin/mkdir
ac_cv_prog_AWK=gawk
ac_cv_prog_CPP='gcc -E'
ac_cv_prog_ac_ct_CC=gcc
ac_cv_prog_ac_ct_CXX=g++
ac_cv_prog_ac_ct_RANLIB=ranlib
ac_cv_prog_cc_c89=
ac_cv_prog_cc_g=yes
ac_cv_prog_cxx_g=yes
ac_cv_prog_make_make_set=yes
ac_cv_sizeof_bfd_vma=8
ac_cv_type__Bool=yes
ac_cv_type_size_t=yes
am_cv_CC_dependencies_compiler_type=gcc3
am_cv_CXX_dependencies_compiler_type=gcc3
am_cv_make_support_nested_variables=yes
am_cv_prog_cc_c_o=yes

## ----------------- ##
## Output variables. ##
## ----------------- ##

ACLOCAL='aclocal-1.15'
AMDEPBACKSLASH='\'
AMDEP_FALSE='#'
AMDEP_TRUE=''
AMTAR='$${TAR-tar}'
AM_BACKSLASH='\'
AM_DEFAULT_V='$(AM_DEFAULT_VERBOSITY)'
AM_DEFAULT_VERBOSITY='1'
AM_V='$(V)'
ASMIR_DIR='/home/ryan/tmp/ropc/bap-0.4/libasmir'
AUTOCONF='autoconf'
AUTOHEADER='autoheader'
AUTOMAKE='automake-1.15'
AWK='gawk'
CAMLIDL='/usr/bin/camlidl'
CC='gcc'
CCDEPMODE='depmode=gcc3'
CFLAGS='-g -O2'
CPP='gcc -E'
CPPFLAGS=''
CXX='g++'
CXXDEPMODE='depmode=gcc3'
CXXFLAGS='-g -O2'
CYGPATH_W='echo'
DEFS='-DHAVE_CONFIG_H'
DEPDIR='.deps'
ECHO_C=''
ECHO_N='-n'
ECHO_T=''
EGREP='/bin/grep -E'
EXEEXT=''
GREP='/bin/grep'
INSTALL_DATA='${INSTALL} -m 644'
INSTALL_PROGRAM='${INSTALL}'
INSTALL_SCRIPT='${INSTALL}'
INSTALL_STRIP_PROGRAM='$(install_sh) -c -s'
LDFLAGS=''
LIBOBJS=''
LIBS='-lbfd '
LTLIBOBJS=''
MAKEINFO='makeinfo'
MKDIR_P='/bin/mkdir -p'
OBJEXT='o'
OCAMLC='/usr/bin/ocamlc.opt'
OCAMLC_OPT='/usr/bin/ocamlc.opt'
OCAMLDEP='/usr/bin/ocamldep.opt'
OCAMLDEP_OPT='/usr/bin/ocamldep.opt'
OCAMLDOC='/usr/bin/ocamldoc.opt'
OCAMLDOC_OPT='/usr/bin/ocamldoc.opt'
OCAMLFIND='/usr/bin/ocamlfind'
OCAMLLEX='/usr/bin/ocamllex.opt'
OCAMLLEX_OPT='/usr/bin/ocamllex.opt'
OCAMLMKLIB='/usr/bin/ocamlmklib'
OCAMLMKTOP='/usr/bin/ocamlmktop'
OCAMLOPT='/usr/bin/ocamlopt.opt'
OCAMLOPT_OPT='/usr/bin/ocamlopt.opt'
OCAMLYACC='/usr/bin/ocamlyacc'
PACKAGE='bap'
PACKAGE_BUGREPORT='dbrumley@cmu.edu'
PACKAGE_NAME='Bap'
PACKAGE_STRING='Bap 0.1'
PACKAGE_TARNAME='bap'
PACKAGE_URL=''
PACKAGE_VERSION='0.1'
PATH_SEPARATOR=':'
RANLIB='ranlib'
SET_MAKE=''
SHELL='/bin/bash'
STRIP=''
TESTS_OPT_FALSE=''
TESTS_OPT_TRUE='#'
VERSION='0.1'
VEX_DIR='/home/ryan/tmp/ropc/bap-0.4/VEX'
ac_ct_CC='gcc'
ac_ct_CXX='g++'
am__EXEEXT_FALSE=''
am__EXEEXT_TRUE='#'
am__fastdepCC_FALSE='#'
am__fastdepCC_TRUE=''
am__fastdepCXX_FALSE='#'
am__fastdepCXX_TRUE=''
am__include='include'
am__isrc=''
am__leading_dot='.'
am__nodep='_no'
am__quote=''
am__tar='$${TAR-tar} chof - "$$tardir"'
am__untar='$${TAR-tar} xf -'
bindir='${exec_prefix}/bin'
build_alias=''
datadir='${datarootdir}'
datarootdir='${prefix}/share'
docdir='${datarootdir}/doc/${PACKAGE_TARNAME}'
dvidir='${docdir}'
exec_prefix='${prefix}'
host_alias=''
htmldir='${docdir}'
includedir='${prefix}/include'
infodir='${datarootdir}/info'
install_sh='${SHELL} /home/ryan/tmp/ropc/bap-0.4/install-sh'
libdir='${exec_prefix}/lib'
libexecdir='${exec_prefix}/libexec'
localedir='${datarootdir}/locale'
localstatedir='${prefix}/var'
mandir='${datarootdir}/man'
mkdir_p='$(MKDIR_P)'
oldincludedir='/usr/include'
pdfdir='${docdir}'
prefix='/usr/local'
program_transform_name='s,x,x,'
psdir='${docdir}'
runstatedir='${localstatedir}/run'
sbindir='${exec_prefix}/sbin'
sharedstatedir='${prefix}/com'
sysconfdir='${prefix}/etc'
target_alias=''

## ----------- ##
## confdefs.h. ##
## ----------- ##

/* confdefs.h */
#define PACKAGE_NAME "Bap"
#define PACKAGE_TARNAME "bap"
#define PACKAGE_VERSION "0.1"
#define PACKAGE_STRING "Bap 0.1"
#define PACKAGE_BUGREPORT "dbrumley@cmu.edu"
#define PACKAGE_URL ""
#define PACKAGE "bap"
#define VERSION "0.1"
#define HAVE_LIBBFD 1
#define STDC_HEADERS 1
#define HAVE_SYS_TYPES_H 1
#define HAVE_SYS_STAT_H 1
#define HAVE_STDLIB_H 1
#define HAVE_STRING_H 1
#define HAVE_MEMORY_H 1
#define HAVE_STRINGS_H 1
#define HAVE_INTTYPES_H 1
#define HAVE_STDINT_H 1
#define HAVE_UNISTD_H 1
#define HAVE_FCNTL_H 1
#define HAVE_STDINT_H 1
#define HAVE_STDLIB_H 1
#define HAVE_STRING_H 1
#define HAVE_UNISTD_H 1
#define HAVE__BOOL 1
#define HAVE_STDBOOL_H 1
#define VEX_VERSION 2201
#define SIZEOF_BFD_VMA 8
#define HAVE_STDLIB_H 1
#define HAVE_MALLOC 1
#define HAVE_BZERO 1
#define HAVE_MEMSET 1
#define HAVE_STRSTR 1
#define HAVE_STRTOUL 1

configure: exit 0

## ---------------------- ##
## Running config.status. ##
## ---------------------- ##

This file was extended by Bap config.status 0.1, which was
generated by GNU Autoconf 2.69.  Invocation command line was

  CONFIG_FILES    = 
  CONFIG_HEADERS  = 
  CONFIG_LINKS    = 
  CONFIG_COMMANDS = 
  $ ./config.status libasmir/config.h

on lab01

config.status:898: creating libasmir/config.h
config.status:1079: libasmir/config.h is unchanged
